This file contains any messages produced by compilers while
running configure, to aid debugging if configure makes a mistake.

It was created by fwdpp configure 0.6.0, which was
generated by GNU Autoconf 2.69.  Invocation command line was

  $ ./configure 

## --------- ##
## Platform. ##
## --------- ##

hostname = Brians-MacBook-Air-2.local
uname -m = x86_64
uname -r = 14.5.0
uname -s = Darwin
uname -v = Darwin Kernel Version 14.5.0: Sun Jun  4 21:40:08 PDT 2017; root:xnu-2782.70.3~1/RELEASE_X86_64

/usr/bin/uname -p = i386
/bin/uname -X     = unknown

/bin/arch              = unknown
/usr/bin/arch -k       = unknown
/usr/convex/getsysinfo = unknown
/usr/bin/hostinfo      = Mach kernel version:
	 Darwin Kernel Version 14.5.0: Sun Jun  4 21:40:08 PDT 2017; root:xnu-2782.70.3~1/RELEASE_X86_64
Kernel configured for up to 4 processors.
2 processors are physically available.
4 processors are logically available.
Processor type: x86_64h (Intel x86-64h Haswell)
Processors active: 0 1 2 3
Primary memory available: 4.00 gigabytes
Default processor set: 208 tasks, 1375 threads, 4 processors
Load average: 2.64, Mach factor: 2.05
/bin/machine           = unknown
/usr/bin/oslevel       = unknown
/bin/universe          = unknown

PATH: /usr/local/bin
PATH: /usr/bin
PATH: /bin
PATH: /usr/sbin
PATH: /sbin


## ----------- ##
## Core tests. ##
## ----------- ##

configure:2222: checking for a BSD-compatible install
configure:2290: result: /usr/bin/install -c
configure:2301: checking whether build environment is sane
configure:2356: result: yes
configure:2394: WARNING: 'missing' script is too old or missing
configure:2507: checking for a thread-safe mkdir -p
configure:2546: result: ./install-sh -c -d
configure:2553: checking for gawk
configure:2583: result: no
configure:2553: checking for mawk
configure:2583: result: no
configure:2553: checking for nawk
configure:2583: result: no
configure:2553: checking for awk
configure:2569: found /usr/bin/awk
configure:2580: result: awk
configure:2591: checking whether make sets $(MAKE)
configure:2613: result: yes
configure:2642: checking whether make supports nested variables
configure:2659: result: yes
configure:2838: checking for gcc
configure:2854: found /usr/bin/gcc
configure:2865: result: gcc
configure:3094: checking for C compiler version
configure:3103: gcc --version >&5
Apple LLVM version 7.0.2 (clang-700.1.81)
Target: x86_64-apple-darwin14.5.0
Thread model: posix
Configured with: --prefix=/Library/Developer/CommandLineTools/usr --with-gxx-include-dir=/usr/include/c++/4.2.1
configure:3114: $? = 0
configure:3103: gcc -v >&5
Configured with: --prefix=/Library/Developer/CommandLineTools/usr --with-gxx-include-dir=/usr/include/c++/4.2.1
Apple LLVM version 7.0.2 (clang-700.1.81)
Target: x86_64-apple-darwin14.5.0
Thread model: posix
configure:3114: $? = 0
configure:3103: gcc -V >&5
clang: error: argument to '-V' is missing (expected 1 value)
clang: error: no input files
configure:3114: $? = 1
configure:3103: gcc -qversion >&5
clang: error: unknown argument: '-qversion'
clang: error: no input files
configure:3114: $? = 1
configure:3134: checking whether the C compiler works
configure:3156: gcc    conftest.c  >&5
configure:3160: $? = 0
configure:3208: result: yes
configure:3211: checking for C compiler default output file name
configure:3213: result: a.out
configure:3219: checking for suffix of executables
configure:3226: gcc -o conftest    conftest.c  >&5
configure:3230: $? = 0
configure:3252: result: 
configure:3274: checking whether we are cross compiling
configure:3282: gcc -o conftest    conftest.c  >&5
configure:3286: $? = 0
configure:3293: ./conftest
configure:3297: $? = 0
configure:3312: result: no
configure:3317: checking for suffix of object files
configure:3339: gcc -c   conftest.c >&5
configure:3343: $? = 0
configure:3364: result: o
configure:3368: checking whether we are using the GNU C compiler
configure:3387: gcc -c   conftest.c >&5
configure:3387: $? = 0
configure:3396: result: yes
configure:3405: checking whether gcc accepts -g
configure:3425: gcc -c -g  conftest.c >&5
configure:3425: $? = 0
configure:3466: result: yes
configure:3483: checking for gcc option to accept ISO C89
configure:3546: gcc  -c -g -O2  conftest.c >&5
configure:3546: $? = 0
configure:3559: result: none needed
configure:3584: checking whether gcc understands -c and -o together
configure:3606: gcc -c conftest.c -o conftest2.o
configure:3609: $? = 0
configure:3606: gcc -c conftest.c -o conftest2.o
configure:3609: $? = 0
configure:3621: result: yes
configure:3649: checking for style of include used by make
configure:3677: result: GNU
configure:3703: checking dependency style of gcc
configure:3814: result: gcc3
configure:3830: checking for an ANSI C-conforming const
configure:3896: gcc -c -g -O2  conftest.c >&5
configure:3896: $? = 0
configure:3903: result: yes
configure:3969: checking for g++
configure:3985: found /usr/bin/g++
configure:3996: result: g++
configure:4023: checking for C++ compiler version
configure:4032: g++ --version >&5
Apple LLVM version 7.0.2 (clang-700.1.81)
Target: x86_64-apple-darwin14.5.0
Thread model: posix
Configured with: --prefix=/Library/Developer/CommandLineTools/usr --with-gxx-include-dir=/usr/include/c++/4.2.1
configure:4043: $? = 0
configure:4032: g++ -v >&5
Configured with: --prefix=/Library/Developer/CommandLineTools/usr --with-gxx-include-dir=/usr/include/c++/4.2.1
Apple LLVM version 7.0.2 (clang-700.1.81)
Target: x86_64-apple-darwin14.5.0
Thread model: posix
configure:4043: $? = 0
configure:4032: g++ -V >&5
clang: error: argument to '-V' is missing (expected 1 value)
clang: error: no input files
configure:4043: $? = 1
configure:4032: g++ -qversion >&5
clang: error: unknown argument: '-qversion'
clang: error: no input files
configure:4043: $? = 1
configure:4047: checking whether we are using the GNU C++ compiler
configure:4066: g++ -c   conftest.cpp >&5
configure:4066: $? = 0
configure:4075: result: yes
configure:4084: checking whether g++ accepts -g
configure:4104: g++ -c -g  conftest.cpp >&5
configure:4104: $? = 0
configure:4145: result: yes
configure:4170: checking dependency style of g++
configure:4281: result: gcc3
configure:4298: checking whether to enable maintainer-specific portions of Makefiles
configure:4307: result: no
configure:4329: checking whether g++ supports C++11 features by default
configure:4363: g++ -c -g -O2  conftest.cpp >&5
conftest.cpp:19:21: error: expected parameter declarator
      static_assert(sizeof(int) <= sizeof(T), "not big enough");
                    ^
conftest.cpp:19:21: error: expected ')'
conftest.cpp:19:20: note: to match this '('
      static_assert(sizeof(int) <= sizeof(T), "not big enough");
                   ^
conftest.cpp:19:7: error: C++ requires a type specifier for all declarations
      static_assert(sizeof(int) <= sizeof(T), "not big enough");
      ^
conftest.cpp:26:22: warning: 'override' keyword is a C++11 extension [-Wc++11-extensions]
    virtual void f() override {}
                     ^
conftest.cpp:29:29: error: a space is required between consecutive right angle brackets (use '> >')
    typedef check<check<bool>> right_angle_brackets;
                            ^~
                            > >
conftest.cpp:32:5: error: unknown type name 'decltype'
    decltype(a) b;
    ^
conftest.cpp:32:16: error: expected ';' after top level declarator
    decltype(a) b;
               ^
               ;
conftest.cpp:36:15: warning: rvalue references are a C++11 extension [-Wc++11-extensions]
    check_type&& cr = static_cast<check_type&&>(c);
              ^
conftest.cpp:36:45: warning: rvalue references are a C++11 extension [-Wc++11-extensions]
    check_type&& cr = static_cast<check_type&&>(c);
                                            ^
conftest.cpp:38:5: warning: 'auto' type specifier is a C++11 extension [-Wc++11-extensions]
    auto d = a;
    ^
conftest.cpp:39:5: warning: 'auto' type specifier is a C++11 extension [-Wc++11-extensions]
    auto l = [](){};
    ^
conftest.cpp:39:14: error: expected expression
    auto l = [](){};
             ^
5 warnings and 7 errors generated.
configure:4363: $? = 1
configure: failed program was:
| /* confdefs.h */
| #define PACKAGE_NAME "fwdpp"
| #define PACKAGE_TARNAME "fwdpp"
| #define PACKAGE_VERSION "0.6.0"
| #define PACKAGE_STRING "fwdpp 0.6.0"
| #define PACKAGE_BUGREPORT "https://github.com/molpopgen/fwdpp"
| #define PACKAGE_URL ""
| #define FWDPP_MAJOR_VERSION 0
| #define FWDPP_MINOR_VERSION 6
| #define FWDPP_REVISION_VERSION 0
| #define FWDPP_VERSION_STRING "0.6.0"
| #define PACKAGE "fwdpp"
| #define VERSION "0.6.0"
| /* end confdefs.h.  */
| 
|   template <typename T>
|     struct check
|     {
|       static_assert(sizeof(int) <= sizeof(T), "not big enough");
|     };
| 
|     struct Base {
|     virtual void f() {}
|     };
|     struct Child : public Base {
|     virtual void f() override {}
|     };
| 
|     typedef check<check<bool>> right_angle_brackets;
| 
|     int a;
|     decltype(a) b;
| 
|     typedef check<int> check_type;
|     check_type c;
|     check_type&& cr = static_cast<check_type&&>(c);
| 
|     auto d = a;
|     auto l = [](){};
| 
configure:4370: result: no
configure:4381: checking whether g++ supports C++11 features with -std=c++11
configure:4418: g++ -c -g -O2  -std=c++11 conftest.cpp >&5
configure:4418: $? = 0
configure:4428: result: yes
configure:4502: checking how to run the C++ preprocessor
configure:4529: g++ -E  -std=c++11 conftest.cpp
configure:4529: $? = 0
configure:4543: g++ -E  -std=c++11 conftest.cpp
conftest.cpp:15:10: fatal error: 'ac_nonexistent.h' file not found
#include <ac_nonexistent.h>
         ^
1 error generated.
configure:4543: $? = 1
configure: failed program was:
| /* confdefs.h */
| #define PACKAGE_NAME "fwdpp"
| #define PACKAGE_TARNAME "fwdpp"
| #define PACKAGE_VERSION "0.6.0"
| #define PACKAGE_STRING "fwdpp 0.6.0"
| #define PACKAGE_BUGREPORT "https://github.com/molpopgen/fwdpp"
| #define PACKAGE_URL ""
| #define FWDPP_MAJOR_VERSION 0
| #define FWDPP_MINOR_VERSION 6
| #define FWDPP_REVISION_VERSION 0
| #define FWDPP_VERSION_STRING "0.6.0"
| #define PACKAGE "fwdpp"
| #define VERSION "0.6.0"
| /* end confdefs.h.  */
| #include <ac_nonexistent.h>
configure:4568: result: g++ -E
configure:4588: g++ -E  -std=c++11 conftest.cpp
configure:4588: $? = 0
configure:4602: g++ -E  -std=c++11 conftest.cpp
conftest.cpp:15:10: fatal error: 'ac_nonexistent.h' file not found
#include <ac_nonexistent.h>
         ^
1 error generated.
configure:4602: $? = 1
configure: failed program was:
| /* confdefs.h */
| #define PACKAGE_NAME "fwdpp"
| #define PACKAGE_TARNAME "fwdpp"
| #define PACKAGE_VERSION "0.6.0"
| #define PACKAGE_STRING "fwdpp 0.6.0"
| #define PACKAGE_BUGREPORT "https://github.com/molpopgen/fwdpp"
| #define PACKAGE_URL ""
| #define FWDPP_MAJOR_VERSION 0
| #define FWDPP_MINOR_VERSION 6
| #define FWDPP_REVISION_VERSION 0
| #define FWDPP_VERSION_STRING "0.6.0"
| #define PACKAGE "fwdpp"
| #define VERSION "0.6.0"
| /* end confdefs.h.  */
| #include <ac_nonexistent.h>
configure:4631: checking for grep that handles long lines and -e
configure:4689: result: /usr/bin/grep
configure:4694: checking for egrep
configure:4756: result: /usr/bin/grep -E
configure:4761: checking for ANSI C header files
configure:4781: g++ -c -g -O2 -std=c++11  -std=c++11 conftest.cpp >&5
configure:4781: $? = 0
configure:4854: g++ -o conftest -g -O2 -std=c++11  -std=c++11  conftest.cpp  >&5
configure:4854: $? = 0
configure:4854: ./conftest
configure:4854: $? = 0
configure:4865: result: yes
configure:4878: checking for sys/types.h
configure:4878: g++ -c -g -O2 -std=c++11  -std=c++11 conftest.cpp >&5
configure:4878: $? = 0
configure:4878: result: yes
configure:4878: checking for sys/stat.h
configure:4878: g++ -c -g -O2 -std=c++11  -std=c++11 conftest.cpp >&5
configure:4878: $? = 0
configure:4878: result: yes
configure:4878: checking for stdlib.h
configure:4878: g++ -c -g -O2 -std=c++11  -std=c++11 conftest.cpp >&5
configure:4878: $? = 0
configure:4878: result: yes
configure:4878: checking for string.h
configure:4878: g++ -c -g -O2 -std=c++11  -std=c++11 conftest.cpp >&5
configure:4878: $? = 0
configure:4878: result: yes
configure:4878: checking for memory.h
configure:4878: g++ -c -g -O2 -std=c++11  -std=c++11 conftest.cpp >&5
configure:4878: $? = 0
configure:4878: result: yes
configure:4878: checking for strings.h
configure:4878: g++ -c -g -O2 -std=c++11  -std=c++11 conftest.cpp >&5
configure:4878: $? = 0
configure:4878: result: yes
configure:4878: checking for inttypes.h
configure:4878: g++ -c -g -O2 -std=c++11  -std=c++11 conftest.cpp >&5
configure:4878: $? = 0
configure:4878: result: yes
configure:4878: checking for stdint.h
configure:4878: g++ -c -g -O2 -std=c++11  -std=c++11 conftest.cpp >&5
configure:4878: $? = 0
configure:4878: result: yes
configure:4878: checking for unistd.h
configure:4878: g++ -c -g -O2 -std=c++11  -std=c++11 conftest.cpp >&5
configure:4878: $? = 0
configure:4878: result: yes
configure:4890: checking Sequence/SimData.hpp usability
configure:4890: g++ -c -g -O2 -std=c++11  -std=c++11 conftest.cpp >&5
configure:4890: $? = 0
configure:4890: result: yes
configure:4890: checking Sequence/SimData.hpp presence
configure:4890: g++ -E  -std=c++11 conftest.cpp
configure:4890: $? = 0
configure:4890: result: yes
configure:4890: checking for Sequence/SimData.hpp
configure:4890: result: yes
configure:4899: checking gsl/gsl_rng.h usability
configure:4899: g++ -c -g -O2 -std=c++11  -std=c++11 conftest.cpp >&5
configure:4899: $? = 0
configure:4899: result: yes
configure:4899: checking gsl/gsl_rng.h presence
configure:4899: g++ -E  -std=c++11 conftest.cpp
configure:4899: $? = 0
configure:4899: result: yes
configure:4899: checking for gsl/gsl_rng.h
configure:4899: result: yes
configure:4907: checking gsl/gsl_randist.h usability
configure:4907: g++ -c -g -O2 -std=c++11  -std=c++11 conftest.cpp >&5
configure:4907: $? = 0
configure:4907: result: yes
configure:4907: checking gsl/gsl_randist.h presence
configure:4907: g++ -E  -std=c++11 conftest.cpp
configure:4907: $? = 0
configure:4907: result: yes
configure:4907: checking for gsl/gsl_randist.h
configure:4907: result: yes
configure:4926: checking boost/test/unit_test.hpp usability
configure:4926: g++ -c -g -O2 -std=c++11  -std=c++11 conftest.cpp >&5
conftest.cpp:58:10: fatal error: 'boost/test/unit_test.hpp' file not found
#include <boost/test/unit_test.hpp>
         ^
1 error generated.
configure:4926: $? = 1
configure: failed program was:
| /* confdefs.h */
| #define PACKAGE_NAME "fwdpp"
| #define PACKAGE_TARNAME "fwdpp"
| #define PACKAGE_VERSION "0.6.0"
| #define PACKAGE_STRING "fwdpp 0.6.0"
| #define PACKAGE_BUGREPORT "https://github.com/molpopgen/fwdpp"
| #define PACKAGE_URL ""
| #define FWDPP_MAJOR_VERSION 0
| #define FWDPP_MINOR_VERSION 6
| #define FWDPP_REVISION_VERSION 0
| #define FWDPP_VERSION_STRING "0.6.0"
| #define PACKAGE "fwdpp"
| #define VERSION "0.6.0"
| #define STDC_HEADERS 1
| #define HAVE_SYS_TYPES_H 1
| #define HAVE_SYS_STAT_H 1
| #define HAVE_STDLIB_H 1
| #define HAVE_STRING_H 1
| #define HAVE_MEMORY_H 1
| #define HAVE_STRINGS_H 1
| #define HAVE_INTTYPES_H 1
| #define HAVE_STDINT_H 1
| #define HAVE_UNISTD_H 1
| /* end confdefs.h.  */
| #include <stdio.h>
| #ifdef HAVE_SYS_TYPES_H
| # include <sys/types.h>
| #endif
| #ifdef HAVE_SYS_STAT_H
| # include <sys/stat.h>
| #endif
| #ifdef STDC_HEADERS
| # include <stdlib.h>
| # include <stddef.h>
| #else
| # ifdef HAVE_STDLIB_H
| #  include <stdlib.h>
| # endif
| #endif
| #ifdef HAVE_STRING_H
| # if !defined STDC_HEADERS && defined HAVE_MEMORY_H
| #  include <memory.h>
| # endif
| # include <string.h>
| #endif
| #ifdef HAVE_STRINGS_H
| # include <strings.h>
| #endif
| #ifdef HAVE_INTTYPES_H
| # include <inttypes.h>
| #endif
| #ifdef HAVE_STDINT_H
| # include <stdint.h>
| #endif
| #ifdef HAVE_UNISTD_H
| # include <unistd.h>
| #endif
| #include <boost/test/unit_test.hpp>
configure:4926: result: no
configure:4926: checking boost/test/unit_test.hpp presence
configure:4926: g++ -E  -std=c++11 conftest.cpp
conftest.cpp:25:10: fatal error: 'boost/test/unit_test.hpp' file not found
#include <boost/test/unit_test.hpp>
         ^
1 error generated.
configure:4926: $? = 1
configure: failed program was:
| /* confdefs.h */
| #define PACKAGE_NAME "fwdpp"
| #define PACKAGE_TARNAME "fwdpp"
| #define PACKAGE_VERSION "0.6.0"
| #define PACKAGE_STRING "fwdpp 0.6.0"
| #define PACKAGE_BUGREPORT "https://github.com/molpopgen/fwdpp"
| #define PACKAGE_URL ""
| #define FWDPP_MAJOR_VERSION 0
| #define FWDPP_MINOR_VERSION 6
| #define FWDPP_REVISION_VERSION 0
| #define FWDPP_VERSION_STRING "0.6.0"
| #define PACKAGE "fwdpp"
| #define VERSION "0.6.0"
| #define STDC_HEADERS 1
| #define HAVE_SYS_TYPES_H 1
| #define HAVE_SYS_STAT_H 1
| #define HAVE_STDLIB_H 1
| #define HAVE_STRING_H 1
| #define HAVE_MEMORY_H 1
| #define HAVE_STRINGS_H 1
| #define HAVE_INTTYPES_H 1
| #define HAVE_STDINT_H 1
| #define HAVE_UNISTD_H 1
| /* end confdefs.h.  */
| #include <boost/test/unit_test.hpp>
configure:4926: result: no
configure:4926: checking for boost/test/unit_test.hpp
configure:4926: result: no
configure:4945: checking for cblas_dgemm in -lgslcblas
configure:4970: g++ -o conftest -g -O2 -std=c++11  -std=c++11  conftest.cpp -lgslcblas   >&5
configure:4970: $? = 0
configure:4979: result: yes
configure:4992: checking for gsl_blas_dgemm in -lgsl
configure:5017: g++ -o conftest -g -O2 -std=c++11  -std=c++11  conftest.cpp -lgsl  -lgslcblas  >&5
configure:5017: $? = 0
configure:5026: result: yes
configure:5149: checking for main in -lsequence
configure:5168: g++ -o conftest -g -O2 -std=c++11  -std=c++11  conftest.cpp -lsequence  -lgsl -lgslcblas  >&5
configure:5168: $? = 0
configure:5177: result: yes
configure:5311: checking that generated files are newer than configure
configure:5317: result: done
configure:5364: creating ./config.status

## ---------------------- ##
## Running config.status. ##
## ---------------------- ##

This file was extended by fwdpp config.status 0.6.0, which was
generated by GNU Autoconf 2.69.  Invocation command line was

  CONFIG_FILES    = 
  CONFIG_HEADERS  = 
  CONFIG_LINKS    = 
  CONFIG_COMMANDS = 
  $ ./config.status 

on Brians-MacBook-Air-2.local

config.status:896: creating Makefile
config.status:896: creating fwdpp/version.hpp
config.status:896: creating fwdpp/Makefile
config.status:896: creating fwdpp/io/Makefile
config.status:896: creating fwdpp/io/detail/Makefile
config.status:896: creating fwdpp/internal/Makefile
config.status:896: creating fwdpp/tags/Makefile
config.status:896: creating fwdpp/sugar/Makefile
config.status:896: creating fwdpp/sugar/poptypes/Makefile
config.status:896: creating fwdpp/sugar/gsl/Makefile
config.status:896: creating fwdpp/sugar/sampling/Makefile
config.status:896: creating fwdpp/extensions/Makefile
config.status:896: creating fwdpp/meta/Makefile
config.status:896: creating examples/Makefile
config.status:896: creating testsuite/Makefile
config.status:896: creating src/Makefile
config.status:896: creating doc/fwdpp.doxygen
config.status:896: creating config.h
config.status:1077: config.h is unchanged
config.status:1125: executing depfiles commands

## ---------------- ##
## Cache variables. ##
## ---------------- ##

ac_cv_c_compiler_gnu=yes
ac_cv_c_const=yes
ac_cv_cxx_compiler_gnu=yes
ac_cv_env_CCC_set=
ac_cv_env_CCC_value=
ac_cv_env_CC_set=
ac_cv_env_CC_value=
ac_cv_env_CFLAGS_set=
ac_cv_env_CFLAGS_value=
ac_cv_env_CPPFLAGS_set=
ac_cv_env_CPPFLAGS_value=
ac_cv_env_CXXCPP_set=
ac_cv_env_CXXCPP_value=
ac_cv_env_CXXFLAGS_set=
ac_cv_env_CXXFLAGS_value=
ac_cv_env_CXX_set=
ac_cv_env_CXX_value=
ac_cv_env_LDFLAGS_set=
ac_cv_env_LDFLAGS_value=
ac_cv_env_LIBS_set=
ac_cv_env_LIBS_value=
ac_cv_env_build_alias_set=
ac_cv_env_build_alias_value=
ac_cv_env_host_alias_set=
ac_cv_env_host_alias_value=
ac_cv_env_target_alias_set=
ac_cv_env_target_alias_value=
ac_cv_header_Sequence_SimData_hpp=yes
ac_cv_header_boost_test_unit_test_hpp=no
ac_cv_header_gsl_gsl_randist_h=yes
ac_cv_header_gsl_gsl_rng_h=yes
ac_cv_header_inttypes_h=yes
ac_cv_header_memory_h=yes
ac_cv_header_stdc=yes
ac_cv_header_stdint_h=yes
ac_cv_header_stdlib_h=yes
ac_cv_header_string_h=yes
ac_cv_header_strings_h=yes
ac_cv_header_sys_stat_h=yes
ac_cv_header_sys_types_h=yes
ac_cv_header_unistd_h=yes
ac_cv_lib_gsl_gsl_blas_dgemm=yes
ac_cv_lib_gslcblas_cblas_dgemm=yes
ac_cv_lib_sequence_main=yes
ac_cv_objext=o
ac_cv_path_EGREP='/usr/bin/grep -E'
ac_cv_path_GREP=/usr/bin/grep
ac_cv_path_install='/usr/bin/install -c'
ac_cv_prog_AWK=awk
ac_cv_prog_CXXCPP='g++ -E'
ac_cv_prog_ac_ct_CC=gcc
ac_cv_prog_ac_ct_CXX=g++
ac_cv_prog_cc_c89=
ac_cv_prog_cc_g=yes
ac_cv_prog_cxx_g=yes
ac_cv_prog_make_make_set=yes
am_cv_CC_dependencies_compiler_type=gcc3
am_cv_CXX_dependencies_compiler_type=gcc3
am_cv_make_support_nested_variables=yes
am_cv_prog_cc_c_o=yes
ax_cv_cxx_compile_cxx11=no
ax_cv_cxx_compile_cxx11__std_cpp11=yes

## ----------------- ##
## Output variables. ##
## ----------------- ##

ACLOCAL='aclocal-1.15'
AMDEPBACKSLASH='\'
AMDEP_FALSE='#'
AMDEP_TRUE=''
AMTAR='$${TAR-tar}'
AM_BACKSLASH='\'
AM_DEFAULT_V='$(AM_DEFAULT_VERBOSITY)'
AM_DEFAULT_VERBOSITY='1'
AM_V='$(V)'
AUTOCONF='autoconf'
AUTOHEADER='autoheader'
AUTOMAKE='automake-1.15'
AWK='awk'
BUNIT_TEST_PRESENT_FALSE=''
BUNIT_TEST_PRESENT_TRUE='#'
CC='gcc'
CCDEPMODE='depmode=gcc3'
CFLAGS='-g -O2'
CPPFLAGS=' -std=c++11'
CXX='g++'
CXXCPP='g++ -E'
CXXDEPMODE='depmode=gcc3'
CXXFLAGS='-g -O2 -std=c++11'
CYGPATH_W='echo'
DEBUG_FALSE=''
DEBUG_TRUE='#'
DEFS='-DHAVE_CONFIG_H'
DEPDIR='.deps'
ECHO_C='\c'
ECHO_N=''
ECHO_T=''
EGREP='/usr/bin/grep -E'
EXEEXT=''
FWDPP_MAJOR_VERSION='0'
FWDPP_MINOR_VERSION='6'
FWDPP_REVISION_VERSION='0'
FWDPP_VERSION_STRING='0.6.0'
GREP='/usr/bin/grep'
HAVE_CXX11=''
HAVE_LIBSEQ_RUNTIME_FALSE='#'
HAVE_LIBSEQ_RUNTIME_TRUE=''
HAVE_SIMDATA_HPP_FALSE='#'
HAVE_SIMDATA_HPP_TRUE=''
INSTALL_DATA='${INSTALL} -m 644'
INSTALL_PROGRAM='${INSTALL}'
INSTALL_SCRIPT='${INSTALL}'
INSTALL_STRIP_PROGRAM='$(install_sh) -c -s'
LDFLAGS=''
LIBOBJS=''
LIBS='-lgsl -lgslcblas '
LTLIBOBJS=''
MAINT='#'
MAINTAINER_MODE_FALSE=''
MAINTAINER_MODE_TRUE='#'
MAKEINFO='makeinfo'
MKDIR_P='./install-sh -c -d'
OBJEXT='o'
PACKAGE='fwdpp'
PACKAGE_BUGREPORT='https://github.com/molpopgen/fwdpp'
PACKAGE_NAME='fwdpp'
PACKAGE_STRING='fwdpp 0.6.0'
PACKAGE_TARNAME='fwdpp'
PACKAGE_URL=''
PACKAGE_VERSION='0.6.0'
PATH_SEPARATOR=':'
SET_MAKE=''
SHELL='/bin/sh'
STRIP=''
VERSION='0.6.0'
ac_ct_CC='gcc'
ac_ct_CXX='g++'
am__EXEEXT_FALSE=''
am__EXEEXT_TRUE='#'
am__fastdepCC_FALSE='#'
am__fastdepCC_TRUE=''
am__fastdepCXX_FALSE='#'
am__fastdepCXX_TRUE=''
am__include='include'
am__isrc=''
am__leading_dot='.'
am__nodep='_no'
am__quote=''
am__tar='$${TAR-tar} chof - "$$tardir"'
am__untar='$${TAR-tar} xf -'
bindir='${exec_prefix}/bin'
build_alias=''
datadir='${datarootdir}'
datarootdir='${prefix}/share'
docdir='${datarootdir}/doc/${PACKAGE_TARNAME}'
dvidir='${docdir}'
exec_prefix='${prefix}'
host_alias=''
htmldir='${docdir}'
includedir='${prefix}/include'
infodir='${datarootdir}/info'
install_sh='${SHELL} /Users/brianarnold/PostDoc.Stuff/EpistasisSimulationsWithJukka/Haploid_fwdpp/fwdpp_localCopy/install-sh'
libdir='${exec_prefix}/lib'
libexecdir='${exec_prefix}/libexec'
localedir='${datarootdir}/locale'
localstatedir='${prefix}/var'
mandir='${datarootdir}/man'
mkdir_p='$(MKDIR_P)'
oldincludedir='/usr/include'
pdfdir='${docdir}'
prefix='/usr/local'
program_transform_name='s,x,x,'
psdir='${docdir}'
sbindir='${exec_prefix}/sbin'
sharedstatedir='${prefix}/com'
sysconfdir='${prefix}/etc'
target_alias=''

## ----------- ##
## confdefs.h. ##
## ----------- ##

/* confdefs.h */
#define PACKAGE_NAME "fwdpp"
#define PACKAGE_TARNAME "fwdpp"
#define PACKAGE_VERSION "0.6.0"
#define PACKAGE_STRING "fwdpp 0.6.0"
#define PACKAGE_BUGREPORT "https://github.com/molpopgen/fwdpp"
#define PACKAGE_URL ""
#define FWDPP_MAJOR_VERSION 0
#define FWDPP_MINOR_VERSION 6
#define FWDPP_REVISION_VERSION 0
#define FWDPP_VERSION_STRING "0.6.0"
#define PACKAGE "fwdpp"
#define VERSION "0.6.0"
#define STDC_HEADERS 1
#define HAVE_SYS_TYPES_H 1
#define HAVE_SYS_STAT_H 1
#define HAVE_STDLIB_H 1
#define HAVE_STRING_H 1
#define HAVE_MEMORY_H 1
#define HAVE_STRINGS_H 1
#define HAVE_INTTYPES_H 1
#define HAVE_STDINT_H 1
#define HAVE_UNISTD_H 1
#define HAVE_LIBGSLCBLAS 1
#define HAVE_LIBGSL 1

configure: exit 0
